<?xml version="1.0" encoding="UTF-8"?>
<!-- Generated by org.testng.reporters.JUnitReportReporter -->
<testsuite hostname="DESKTOP-R03FHHU" failures="0" tests="2" name="com.hcl.qa.testcases.LoginPageTest" time="15.445" errors="0" timestamp="2024-02-13T19:33:02 IST" skipped="0">
  <testcase classname="com.hcl.qa.testcases.LoginPageTest" name="loginPageTitleTest" time="7.333"/>
  <testcase classname="com.hcl.qa.testcases.LoginPageTest" name="loginTest" time="8.112"/>
</testsuite> <!-- com.hcl.qa.testcases.LoginPageTest -->
