<?xml version="1.0" encoding="UTF-8"?>
<!-- Generated by org.testng.reporters.JUnitReportReporter -->
<testsuite hostname="DESKTOP-R03FHHU" failures="0" tests="1" name="com.hcl.qa.testcases.SignUppageTest" time="7.362" errors="0" timestamp="2024-02-13T23:14:38 IST" skipped="0">
  <testcase classname="com.hcl.qa.testcases.SignUppageTest" name="clickonsighuppage" time="7.362"/>
</testsuite> <!-- com.hcl.qa.testcases.SignUppageTest -->
